f:\pbl3\debug\vc142.pdb
f:\pbl3\debug\vc142.idb
f:\pbl3\debug\tkb.obj
f:\pbl3\debug\sv.obj
f:\pbl3\debug\subject.obj
f:\pbl3\debug\qlsvmain.obj
f:\pbl3\debug\qlsv.obj
f:\pbl3\debug\person.obj
f:\pbl3\debug\lopsh.obj
f:\pbl3\debug\lophocphan.obj
f:\pbl3\debug\khoahoc.obj
f:\pbl3\debug\khoa.obj
f:\pbl3\debug\diem.obj
f:\pbl3\debug\dbhelper.obj
f:\pbl3\debug\danhsachdiem.obj
f:\pbl3\debug\chuongtrinhhoc.obj
f:\pbl3\debug\pbl3.ilk
f:\pbl3\debug\pbl3.exe
f:\pbl3\debug\pbl3.pdb
f:\pbl3\debug\pbl3.tlog\cl.command.1.tlog
f:\pbl3\debug\pbl3.tlog\cl.read.1.tlog
f:\pbl3\debug\pbl3.tlog\cl.write.1.tlog
f:\pbl3\debug\pbl3.tlog\link.command.1.tlog
f:\pbl3\debug\pbl3.tlog\link.read.1.tlog
f:\pbl3\debug\pbl3.tlog\link.write.1.tlog
